<?xml version="1.0" encoding="UTF-8"?>
<!-- Generated by org.testng.reporters.JUnitReportReporter -->
<testsuite skipped="0" hostname="DESKTOP-M7F150D" name="parallel.Object" tests="3" failures="0" timestamp="24 Oct 2020 19:24:36 GMT" time="0.164" errors="0">
  <testcase name="tc_03" time="0.030" classname="parallel.Object"/>
  <testcase name="objectmethods" time="0.109" classname="parallel.Object"/>
  <testcase name="tc_02" time="0.025" classname="parallel.Object"/>
</testsuite> <!-- parallel.Object -->
